<?xml version="1.0" encoding="UTF-8"?>
<testng-results ignored="0" total="1" passed="1" failed="0" skipped="0">
  <reporter-output>
  </reporter-output>
  <suite started-at="2018-09-01T01:55:36Z" name="Default suite" finished-at="2018-09-01T01:55:49Z" duration-ms="13484">
    <groups>
    </groups>
    <test started-at="2018-09-01T01:55:36Z" name="Default test" finished-at="2018-09-01T01:55:49Z" duration-ms="13484">
      <class name="htmlUnitWithPhantomJS.HtmlUnitPhantomJS">
        <test-method signature="VerifyFacebookTitle()[pri:0, instance:htmlUnitWithPhantomJS.HtmlUnitPhantomJS@71238fc2]" started-at="2018-09-01T01:55:36Z" name="VerifyFacebookTitle" finished-at="2018-09-01T01:55:49Z" duration-ms="13447" status="PASS">
          <reporter-output>
          </reporter-output>
        </test-method> <!-- VerifyFacebookTitle -->
      </class> <!-- htmlUnitWithPhantomJS.HtmlUnitPhantomJS -->
    </test> <!-- Default test -->
  </suite> <!-- Default suite -->
</testng-results>
